22\10\2016 02:32:10 - cycle_calculation.gas_turbine_engines - INFO - TV7_117 object _compute_inlet
22\10\2016 02:32:10 - cycle_calculation.gas_turbine_engines - INFO - TV7_117 object _compute_compressor
22\10\2016 02:32:10 - cycle_calculation.gas_turbine_engines - INFO - TV7_117 object _compute_combustion_chamber
22\10\2016 02:32:10 - cycle_calculation.gas_turbine_engines - INFO - TV7_117 object _compute_compressor_turbine
22\10\2016 02:32:10 - cycle_calculation.gas_turbine_engines - INFO - TV7_117 object _compute_power_turbine
22\10\2016 02:32:10 - cycle_calculation.gas_turbine_engines - INFO - TV7_117 object _compute_outlet
22\10\2016 02:32:10 - cycle_calculation.gas_turbine_engines - INFO - TV7_117 object _compute_optimal_pi
22\10\2016 02:32:11 - cycle_calculation.gas_turbine_engines - INFO - TV7_117 object _compute_inlet
22\10\2016 02:32:11 - cycle_calculation.gas_turbine_engines - INFO - TV7_117 object _compute_compressor
22\10\2016 02:32:11 - cycle_calculation.gas_turbine_engines - INFO - TV7_117 object _compute_combustion_chamber
22\10\2016 02:32:11 - cycle_calculation.gas_turbine_engines - INFO - TV7_117 object _compute_compressor_turbine
22\10\2016 02:32:11 - cycle_calculation.gas_turbine_engines - INFO - TV7_117 object _compute_power_turbine
22\10\2016 02:32:11 - cycle_calculation.gas_turbine_engines - INFO - TV7_117 object _compute_outlet
22\10\2016 02:36:33 - cycle_calculation.gas_turbine_engines - INFO - TV7_117 object _compute_inlet
22\10\2016 02:36:33 - cycle_calculation.gas_turbine_engines - INFO - TV7_117 object _compute_compressor
22\10\2016 02:36:33 - cycle_calculation.gas_turbine_engines - INFO - TV7_117 object _compute_combustion_chamber
22\10\2016 02:36:33 - cycle_calculation.gas_turbine_engines - INFO - TV7_117 object _compute_compressor_turbine
22\10\2016 02:36:33 - cycle_calculation.gas_turbine_engines - INFO - TV7_117 object _compute_power_turbine
22\10\2016 02:36:33 - cycle_calculation.gas_turbine_engines - INFO - TV7_117 object _compute_outlet
22\10\2016 02:36:33 - cycle_calculation.gas_turbine_engines - INFO - TV7_117 object _compute_optimal_pi
22\10\2016 02:36:34 - cycle_calculation.gas_turbine_engines - INFO - TV7_117 object _compute_inlet
22\10\2016 02:36:34 - cycle_calculation.gas_turbine_engines - INFO - TV7_117 object _compute_compressor
22\10\2016 02:36:34 - cycle_calculation.gas_turbine_engines - INFO - TV7_117 object _compute_combustion_chamber
22\10\2016 02:36:34 - cycle_calculation.gas_turbine_engines - INFO - TV7_117 object _compute_compressor_turbine
22\10\2016 02:36:34 - cycle_calculation.gas_turbine_engines - INFO - TV7_117 object _compute_power_turbine
22\10\2016 02:36:34 - cycle_calculation.gas_turbine_engines - INFO - TV7_117 object _compute_outlet
22\10\2016 02:37:57 - cycle_calculation.gas_turbine_engines - INFO - TV7_117 object _compute_inlet
22\10\2016 02:37:57 - cycle_calculation.gas_turbine_engines - INFO - TV7_117 object _compute_compressor
22\10\2016 02:37:57 - cycle_calculation.gas_turbine_engines - INFO - TV7_117 object _compute_combustion_chamber
22\10\2016 02:37:57 - cycle_calculation.gas_turbine_engines - INFO - TV7_117 object _compute_compressor_turbine
22\10\2016 02:37:57 - cycle_calculation.gas_turbine_engines - INFO - TV7_117 object _compute_power_turbine
22\10\2016 02:37:57 - cycle_calculation.gas_turbine_engines - INFO - TV7_117 object _compute_outlet
22\10\2016 02:37:57 - cycle_calculation.gas_turbine_engines - INFO - TV7_117 object _compute_optimal_pi
22\10\2016 02:37:58 - cycle_calculation.gas_turbine_engines - INFO - TV7_117 object _compute_inlet
22\10\2016 02:37:58 - cycle_calculation.gas_turbine_engines - INFO - TV7_117 object _compute_compressor
22\10\2016 02:37:58 - cycle_calculation.gas_turbine_engines - INFO - TV7_117 object _compute_combustion_chamber
22\10\2016 02:37:58 - cycle_calculation.gas_turbine_engines - INFO - TV7_117 object _compute_compressor_turbine
22\10\2016 02:37:58 - cycle_calculation.gas_turbine_engines - INFO - TV7_117 object _compute_power_turbine
22\10\2016 02:37:58 - cycle_calculation.gas_turbine_engines - INFO - TV7_117 object _compute_outlet
22\10\2016 02:39:26 - cycle_calculation.gas_turbine_engines - INFO - TV7_117 object _compute_inlet
22\10\2016 02:39:26 - cycle_calculation.gas_turbine_engines - INFO - TV7_117 object _compute_compressor
22\10\2016 02:39:26 - cycle_calculation.gas_turbine_engines - INFO - TV7_117 object _compute_combustion_chamber
22\10\2016 02:39:26 - cycle_calculation.gas_turbine_engines - INFO - TV7_117 object _compute_compressor_turbine
22\10\2016 02:39:26 - cycle_calculation.gas_turbine_engines - INFO - TV7_117 object _compute_power_turbine
22\10\2016 02:39:26 - cycle_calculation.gas_turbine_engines - INFO - TV7_117 object _compute_outlet
22\10\2016 02:39:26 - cycle_calculation.gas_turbine_engines - INFO - TV7_117 object _compute_optimal_pi
22\10\2016 02:39:27 - cycle_calculation.gas_turbine_engines - INFO - TV7_117 object _compute_inlet
22\10\2016 02:39:27 - cycle_calculation.gas_turbine_engines - INFO - TV7_117 object _compute_compressor
22\10\2016 02:39:27 - cycle_calculation.gas_turbine_engines - INFO - TV7_117 object _compute_combustion_chamber
22\10\2016 02:39:27 - cycle_calculation.gas_turbine_engines - INFO - TV7_117 object _compute_compressor_turbine
22\10\2016 02:39:27 - cycle_calculation.gas_turbine_engines - INFO - TV7_117 object _compute_power_turbine
22\10\2016 02:39:27 - cycle_calculation.gas_turbine_engines - INFO - TV7_117 object _compute_outlet
22\10\2016 02:39:44 - cycle_calculation.gas_turbine_engines - INFO - TV7_117 object _compute_inlet
22\10\2016 02:39:44 - cycle_calculation.gas_turbine_engines - INFO - TV7_117 object _compute_compressor
22\10\2016 02:39:44 - cycle_calculation.gas_turbine_engines - INFO - TV7_117 object _compute_combustion_chamber
22\10\2016 02:39:44 - cycle_calculation.gas_turbine_engines - INFO - TV7_117 object _compute_compressor_turbine
22\10\2016 02:39:44 - cycle_calculation.gas_turbine_engines - INFO - TV7_117 object _compute_power_turbine
22\10\2016 02:39:44 - cycle_calculation.gas_turbine_engines - INFO - TV7_117 object _compute_outlet
22\10\2016 02:39:44 - cycle_calculation.gas_turbine_engines - INFO - TV7_117 object _compute_optimal_pi
22\10\2016 02:39:44 - cycle_calculation.gas_turbine_engines - INFO - TV7_117 object _compute_inlet
22\10\2016 02:39:44 - cycle_calculation.gas_turbine_engines - INFO - TV7_117 object _compute_compressor
22\10\2016 02:39:44 - cycle_calculation.gas_turbine_engines - INFO - TV7_117 object _compute_combustion_chamber
22\10\2016 02:39:44 - cycle_calculation.gas_turbine_engines - INFO - TV7_117 object _compute_compressor_turbine
22\10\2016 02:39:44 - cycle_calculation.gas_turbine_engines - INFO - TV7_117 object _compute_power_turbine
22\10\2016 02:39:44 - cycle_calculation.gas_turbine_engines - INFO - TV7_117 object _compute_outlet
22\10\2016 02:41:06 - cycle_calculation.gas_turbine_engines - INFO - TV7_117 object _compute_inlet
22\10\2016 02:41:06 - cycle_calculation.gas_turbine_engines - INFO - TV7_117 object _compute_compressor
22\10\2016 02:41:06 - cycle_calculation.gas_turbine_engines - INFO - TV7_117 object _compute_combustion_chamber
22\10\2016 02:41:06 - cycle_calculation.gas_turbine_engines - INFO - TV7_117 object _compute_compressor_turbine
22\10\2016 02:41:06 - cycle_calculation.gas_turbine_engines - INFO - TV7_117 object _compute_power_turbine
22\10\2016 02:41:06 - cycle_calculation.gas_turbine_engines - INFO - TV7_117 object _compute_outlet
22\10\2016 02:41:06 - cycle_calculation.gas_turbine_engines - INFO - TV7_117 object _compute_optimal_pi
22\10\2016 02:41:07 - cycle_calculation.gas_turbine_engines - INFO - TV7_117 object _compute_inlet
22\10\2016 02:41:07 - cycle_calculation.gas_turbine_engines - INFO - TV7_117 object _compute_compressor
22\10\2016 02:41:07 - cycle_calculation.gas_turbine_engines - INFO - TV7_117 object _compute_combustion_chamber
22\10\2016 02:41:07 - cycle_calculation.gas_turbine_engines - INFO - TV7_117 object _compute_compressor_turbine
22\10\2016 02:41:07 - cycle_calculation.gas_turbine_engines - INFO - TV7_117 object _compute_power_turbine
22\10\2016 02:41:07 - cycle_calculation.gas_turbine_engines - INFO - TV7_117 object _compute_outlet
